<?xml version="1.0" encoding="UTF-8"?>
<testsuite name="Spek" tests="13" skipped="0" failures="0" errors="0" time="0.016" hostname="DESKTOP-C5O5TKR" timestamp="2018-03-11T22:07:52">
<properties>
[...]
</properties>
<testcase name="it should match" classname="on simplifying the Ratios" time="0">
<system-out><![CDATA[
unique-id: [engine:spek]/[spec:EquivalenceTest]/[group:given Ratios]/[group:on simplifying the Ratios]/[test:it should match]
display-name: it should match
]]></system-out>
</testcase>
<testcase name="it should match" classname="on comparing the Ratios" time="0">
<system-out><![CDATA[
unique-id: [engine:spek]/[spec:EquivalenceTest]/[group:given Ratios]/[group:on comparing the Ratios]/[test:it should match]
display-name: it should match
]]></system-out>
</testcase>
<testcase name="it should should equal a matrix that has added one row times a scalar to another row." classname="given A matrix" time="0">
<system-out><![CDATA[
unique-id: [engine:spek]/[spec:MatrixAddTest]/[group:given A matrix]/[test:it should should equal a matrix that has added one row times a scalar to another row.]
display-name: it should should equal a matrix that has added one row times a scalar to another row.
]]></system-out>
</testcase>
<testcase name="it should should equal the 3x3 identity matrix" classname="given A matrix" time="0">
<system-out><![CDATA[
unique-id: [engine:spek]/[spec:MatrixIdentityTest3]/[group:given A matrix]/[test:it should should equal the 3x3 identity matrix]
display-name: it should should equal the 3x3 identity matrix
]]></system-out>
</testcase>
<testcase name="it should should equal the 4x4 identity matrix" classname="given A matrix" time="0">
<system-out><![CDATA[
unique-id: [engine:spek]/[spec:MatrixIdentityTest4]/[group:given A matrix]/[test:it should should equal the 4x4 identity matrix]
display-name: it should should equal the 4x4 identity matrix
]]></system-out>
</testcase>
<testcase name="it should equal a manually created one" classname="given A matrix parsed from a string" time="0">
<system-out><![CDATA[
unique-id: [engine:spek]/[spec:MatrixParseStringTest]/[group:given A matrix parsed from a string]/[test:it should equal a manually created one]
display-name: it should equal a manually created one
]]></system-out>
</testcase>
<testcase name="it should equal a scaled matrix" classname="given a simple matrix" time="0">
<system-out><![CDATA[
unique-id: [engine:spek]/[spec:MatrixScaleTest]/[group:given a simple matrix]/[test:it should equal a scaled matrix]
display-name: it should equal a scaled matrix
]]></system-out>
</testcase>
<testcase name="it should should be equal to a swapped matrix" classname="given A matrix" time="0">
<system-out><![CDATA[
unique-id: [engine:spek]/[spec:MatrixSwapTest]/[group:given A matrix]/[test:it should should be equal to a swapped matrix]
display-name: it should should be equal to a swapped matrix
]]></system-out>
</testcase>
<testcase name="it should match" classname="on addition" time="0">
<system-out><![CDATA[
unique-id: [engine:spek]/[spec:OperationTest]/[group:given Ratios]/[group:on addition]/[test:it should match]
display-name: it should match
]]></system-out>
</testcase>
<testcase name="it should match" classname="on subtraction" time="0">
<system-out><![CDATA[
unique-id: [engine:spek]/[spec:OperationTest]/[group:given Ratios]/[group:on subtraction]/[test:it should match]
display-name: it should match
]]></system-out>
</testcase>
<testcase name="it should match" classname="on multiplication" time="0">
<system-out><![CDATA[
unique-id: [engine:spek]/[spec:OperationTest]/[group:given Ratios]/[group:on multiplication]/[test:it should match]
display-name: it should match
]]></system-out>
</testcase>
<testcase name="it should match" classname="on division" time="0">
<system-out><![CDATA[
unique-id: [engine:spek]/[spec:OperationTest]/[group:given Ratios]/[group:on division]/[test:it should match]
display-name: it should match
]]></system-out>
</testcase>
<testcase name="it Should match" classname="on toString()" time="0">
<system-out><![CDATA[
unique-id: [engine:spek]/[spec:ToStringTest]/[group:given Ratios]/[group:on toString()]/[test:it Should match]
display-name: it Should match
]]></system-out>
</testcase>
<system-out><![CDATA[
unique-id: [engine:spek]
display-name: Spek
]]></system-out>
</testsuite>
